[2022-11-18 10:32:21.090] [INFO ] [main] com.kh.RestApi.dao.MemberRepositoryTest Starting MemberRepositoryTest using Java 11.0.16.1 on DESKTOP-O08JD9T with PID 16824 (started by user1 in D:\Backend\RestApi_1114\RestApi)
[2022-11-18 10:32:21.095] [INFO ] [main] com.kh.RestApi.dao.MemberRepositoryTest No active profile set, falling back to 1 default profile: "default"
[2022-11-18 10:32:21.675] [INFO ] [main] org.springframework.data.repository.config.RepositoryConfigurationDelegate Bootstrapping Spring Data JPA repositories in DEFAULT mode.
[2022-11-18 10:32:21.714] [INFO ] [main] org.springframework.data.repository.config.RepositoryConfigurationDelegate Finished Spring Data repository scanning in 32 ms. Found 2 JPA repository interfaces.
[2022-11-18 10:32:22.303] [INFO ] [main] org.hibernate.jpa.internal.util.LogHelper HHH000204: Processing PersistenceUnitInfo [name: default]
[2022-11-18 10:32:22.351] [INFO ] [main] org.hibernate.Version HHH000412: Hibernate ORM core version 5.6.12.Final
[2022-11-18 10:32:22.486] [INFO ] [main] org.hibernate.annotations.common.Version HCANN000001: Hibernate Commons Annotations {5.1.2.Final}
[2022-11-18 10:32:22.622] [INFO ] [main] com.zaxxer.hikari.HikariDataSource HikariPool-1 - Starting...
[2022-11-18 10:32:22.641] [WARN ] [main] com.zaxxer.hikari.util.DriverDataSource Registered driver with driverClassName=oracle.jdbc.driver.OracleDriver was not found, trying direct instantiation.
[2022-11-18 10:32:22.870] [INFO ] [main] com.zaxxer.hikari.HikariDataSource HikariPool-1 - Start completed.
[2022-11-18 10:32:22.897] [INFO ] [main] org.hibernate.dialect.Dialect HHH000400: Using dialect: org.hibernate.dialect.Oracle10gDialect
[2022-11-18 10:32:23.531] [INFO ] [main] org.hibernate.engine.transaction.jta.platform.internal.JtaPlatformInitiator HHH000490: Using JtaPlatform implementation: [org.hibernate.engine.transaction.jta.platform.internal.NoJtaPlatform]
[2022-11-18 10:32:23.537] [INFO ] [main] org.springframework.orm.jpa.LocalContainerEntityManagerFactoryBean Initialized JPA EntityManagerFactory for persistence unit 'default'
[2022-11-18 10:32:24.152] [WARN ] [main] org.springframework.boot.autoconfigure.orm.jpa.JpaBaseConfiguration$JpaWebConfiguration spring.jpa.open-in-view is enabled by default. Therefore, database queries may be performed during view rendering. Explicitly configure spring.jpa.open-in-view to disable this warning
[2022-11-18 10:32:24.517] [WARN ] [main] org.springframework.boot.autoconfigure.thymeleaf.ThymeleafAutoConfiguration$DefaultTemplateResolverConfiguration Cannot find template location: classpath:/templates/ (please add some templates, check your Thymeleaf configuration, or set spring.thymeleaf.check-template-location=false)
[2022-11-18 10:32:24.691] [INFO ] [main] com.kh.RestApi.dao.MemberRepositoryTest Started MemberRepositoryTest in 3.949 seconds (JVM running for 4.842)
[2022-11-18 10:32:24.930] [INFO ] [SpringApplicationShutdownHook] org.springframework.orm.jpa.LocalContainerEntityManagerFactoryBean Closing JPA EntityManagerFactory for persistence unit 'default'
[2022-11-18 10:32:24.932] [INFO ] [SpringApplicationShutdownHook] com.zaxxer.hikari.HikariDataSource HikariPool-1 - Shutdown initiated...
[2022-11-18 10:32:24.939] [INFO ] [SpringApplicationShutdownHook] com.zaxxer.hikari.HikariDataSource HikariPool-1 - Shutdown completed.
[2022-11-18 11:49:48.195] [INFO ] [main] com.kh.RestApi.dao.MemberRepositoryTest Starting MemberRepositoryTest using Java 11.0.16.1 on DESKTOP-O08JD9T with PID 464 (started by user1 in D:\Backend\RestApi_1114\RestApi)
[2022-11-18 11:49:48.196] [INFO ] [main] com.kh.RestApi.dao.MemberRepositoryTest No active profile set, falling back to 1 default profile: "default"
[2022-11-18 11:49:48.750] [INFO ] [main] org.springframework.data.repository.config.RepositoryConfigurationDelegate Bootstrapping Spring Data JPA repositories in DEFAULT mode.
[2022-11-18 11:49:48.791] [INFO ] [main] org.springframework.data.repository.config.RepositoryConfigurationDelegate Finished Spring Data repository scanning in 34 ms. Found 2 JPA repository interfaces.
[2022-11-18 11:49:49.338] [INFO ] [main] org.hibernate.jpa.internal.util.LogHelper HHH000204: Processing PersistenceUnitInfo [name: default]
[2022-11-18 11:49:49.378] [INFO ] [main] org.hibernate.Version HHH000412: Hibernate ORM core version 5.6.12.Final
[2022-11-18 11:49:49.504] [INFO ] [main] org.hibernate.annotations.common.Version HCANN000001: Hibernate Commons Annotations {5.1.2.Final}
[2022-11-18 11:49:49.638] [INFO ] [main] com.zaxxer.hikari.HikariDataSource HikariPool-1 - Starting...
[2022-11-18 11:49:49.646] [WARN ] [main] com.zaxxer.hikari.util.DriverDataSource Registered driver with driverClassName=oracle.jdbc.driver.OracleDriver was not found, trying direct instantiation.
[2022-11-18 11:49:49.872] [INFO ] [main] com.zaxxer.hikari.HikariDataSource HikariPool-1 - Start completed.
[2022-11-18 11:49:49.900] [INFO ] [main] org.hibernate.dialect.Dialect HHH000400: Using dialect: org.hibernate.dialect.Oracle10gDialect
[2022-11-18 11:49:50.545] [INFO ] [main] org.hibernate.engine.transaction.jta.platform.internal.JtaPlatformInitiator HHH000490: Using JtaPlatform implementation: [org.hibernate.engine.transaction.jta.platform.internal.NoJtaPlatform]
[2022-11-18 11:49:50.553] [INFO ] [main] org.springframework.orm.jpa.LocalContainerEntityManagerFactoryBean Initialized JPA EntityManagerFactory for persistence unit 'default'
[2022-11-18 11:49:51.153] [WARN ] [main] org.springframework.boot.autoconfigure.orm.jpa.JpaBaseConfiguration$JpaWebConfiguration spring.jpa.open-in-view is enabled by default. Therefore, database queries may be performed during view rendering. Explicitly configure spring.jpa.open-in-view to disable this warning
[2022-11-18 11:49:51.531] [WARN ] [main] org.springframework.boot.autoconfigure.thymeleaf.ThymeleafAutoConfiguration$DefaultTemplateResolverConfiguration Cannot find template location: classpath:/templates/ (please add some templates, check your Thymeleaf configuration, or set spring.thymeleaf.check-template-location=false)
[2022-11-18 11:49:51.654] [INFO ] [main] com.kh.RestApi.dao.MemberRepositoryTest Started MemberRepositoryTest in 3.819 seconds (JVM running for 4.74)
[2022-11-18 11:49:51.890] [INFO ] [SpringApplicationShutdownHook] org.springframework.orm.jpa.LocalContainerEntityManagerFactoryBean Closing JPA EntityManagerFactory for persistence unit 'default'
[2022-11-18 11:49:51.893] [INFO ] [SpringApplicationShutdownHook] com.zaxxer.hikari.HikariDataSource HikariPool-1 - Shutdown initiated...
[2022-11-18 11:49:51.900] [INFO ] [SpringApplicationShutdownHook] com.zaxxer.hikari.HikariDataSource HikariPool-1 - Shutdown completed.
