[2022-11-18 09:33:46.906] [INFO ] [File Watcher] org.springframework.boot.devtools.autoconfigure.LocalDevToolsAutoConfiguration$RestartingClassPathChangeChangedEventListener Restarting due to 5 class path changes (0 additions, 5 deletions, 0 modifications)
[2022-11-18 09:33:46.932] [INFO ] [Thread-203] org.apache.coyote.http11.Http11NioProtocol Pausing ProtocolHandler ["http-nio-8111"]
[2022-11-18 09:33:46.933] [INFO ] [Thread-203] org.apache.catalina.core.StandardService Stopping service [Tomcat]
[2022-11-18 09:33:46.944] [INFO ] [Thread-203] org.apache.coyote.http11.Http11NioProtocol Stopping ProtocolHandler ["http-nio-8111"]
[2022-11-18 09:33:46.946] [INFO ] [Thread-203] org.apache.coyote.http11.Http11NioProtocol Destroying ProtocolHandler ["http-nio-8111"]
[2022-11-18 09:33:46.947] [INFO ] [Thread-203] org.springframework.orm.jpa.LocalContainerEntityManagerFactoryBean Closing JPA EntityManagerFactory for persistence unit 'default'
[2022-11-18 09:33:46.951] [INFO ] [Thread-203] com.zaxxer.hikari.HikariDataSource HikariPool-41 - Shutdown initiated...
[2022-11-18 09:33:46.956] [INFO ] [Thread-203] com.zaxxer.hikari.HikariDataSource HikariPool-41 - Shutdown completed.
[2022-11-18 09:33:47.051] [INFO ] [restartedMain] com.kh.RestApi.RestApiApplication Starting RestApiApplication using Java 11.0.16.1 on DESKTOP-O08JD9T with PID 17036 (D:\Backend\RestApi_1114\RestApi\target\classes started by user1 in D:\Backend\RestApi_1114)
[2022-11-18 09:33:47.051] [INFO ] [restartedMain] com.kh.RestApi.RestApiApplication No active profile set, falling back to 1 default profile: "default"
[2022-11-18 09:33:47.207] [INFO ] [restartedMain] org.springframework.data.repository.config.RepositoryConfigurationDelegate Bootstrapping Spring Data JPA repositories in DEFAULT mode.
[2022-11-18 09:33:47.213] [INFO ] [restartedMain] org.springframework.data.repository.config.RepositoryConfigurationDelegate Finished Spring Data repository scanning in 5 ms. Found 2 JPA repository interfaces.
[2022-11-18 09:33:47.280] [INFO ] [restartedMain] org.springframework.boot.web.embedded.tomcat.TomcatWebServer Tomcat initialized with port(s): 8111 (http)
[2022-11-18 09:33:47.280] [INFO ] [restartedMain] org.apache.coyote.http11.Http11NioProtocol Initializing ProtocolHandler ["http-nio-8111"]
[2022-11-18 09:33:47.280] [INFO ] [restartedMain] org.apache.catalina.core.StandardService Starting service [Tomcat]
[2022-11-18 09:33:47.280] [INFO ] [restartedMain] org.apache.catalina.core.StandardEngine Starting Servlet engine: [Apache Tomcat/9.0.68]
[2022-11-18 09:33:47.294] [INFO ] [restartedMain] org.apache.catalina.core.ContainerBase.[Tomcat-6].[localhost].[/] Initializing Spring embedded WebApplicationContext
[2022-11-18 09:33:47.294] [INFO ] [restartedMain] org.springframework.boot.web.servlet.context.ServletWebServerApplicationContext Root WebApplicationContext: initialization completed in 241 ms
[2022-11-18 09:33:47.316] [INFO ] [restartedMain] org.hibernate.jpa.internal.util.LogHelper HHH000204: Processing PersistenceUnitInfo [name: default]
[2022-11-18 09:33:47.321] [INFO ] [restartedMain] com.zaxxer.hikari.HikariDataSource HikariPool-42 - Starting...
[2022-11-18 09:33:47.321] [WARN ] [restartedMain] com.zaxxer.hikari.util.DriverDataSource Registered driver with driverClassName=oracle.jdbc.driver.OracleDriver was not found, trying direct instantiation.
[2022-11-18 09:33:47.332] [INFO ] [restartedMain] com.zaxxer.hikari.HikariDataSource HikariPool-42 - Start completed.
[2022-11-18 09:33:47.332] [INFO ] [restartedMain] org.hibernate.dialect.Dialect HHH000400: Using dialect: org.hibernate.dialect.Oracle10gDialect
[2022-11-18 09:33:47.402] [INFO ] [restartedMain] org.hibernate.engine.transaction.jta.platform.internal.JtaPlatformInitiator HHH000490: Using JtaPlatform implementation: [org.hibernate.engine.transaction.jta.platform.internal.NoJtaPlatform]
[2022-11-18 09:33:47.402] [INFO ] [restartedMain] org.springframework.orm.jpa.LocalContainerEntityManagerFactoryBean Initialized JPA EntityManagerFactory for persistence unit 'default'
[2022-11-18 09:33:47.501] [WARN ] [restartedMain] org.springframework.boot.autoconfigure.orm.jpa.JpaBaseConfiguration$JpaWebConfiguration spring.jpa.open-in-view is enabled by default. Therefore, database queries may be performed during view rendering. Explicitly configure spring.jpa.open-in-view to disable this warning
[2022-11-18 09:33:47.569] [WARN ] [restartedMain] org.springframework.boot.autoconfigure.thymeleaf.ThymeleafAutoConfiguration$DefaultTemplateResolverConfiguration Cannot find template location: classpath:/templates/ (please add some templates, check your Thymeleaf configuration, or set spring.thymeleaf.check-template-location=false)
[2022-11-18 09:33:47.604] [INFO ] [restartedMain] org.springframework.boot.devtools.autoconfigure.OptionalLiveReloadServer LiveReload server is running on port 35729
[2022-11-18 09:33:47.612] [INFO ] [restartedMain] org.apache.coyote.http11.Http11NioProtocol Starting ProtocolHandler ["http-nio-8111"]
[2022-11-18 09:33:47.614] [INFO ] [restartedMain] org.springframework.boot.web.embedded.tomcat.TomcatWebServer Tomcat started on port(s): 8111 (http) with context path ''
[2022-11-18 09:33:47.618] [INFO ] [restartedMain] com.kh.RestApi.RestApiApplication Started RestApiApplication in 0.595 seconds (JVM running for 57255.931)
[2022-11-18 09:33:47.619] [INFO ] [restartedMain] org.springframework.boot.devtools.autoconfigure.ConditionEvaluationDeltaLoggingListener Condition evaluation unchanged
[2022-11-18 09:35:37.874] [INFO ] [SpringApplicationShutdownHook] org.springframework.orm.jpa.LocalContainerEntityManagerFactoryBean Closing JPA EntityManagerFactory for persistence unit 'default'
[2022-11-18 09:35:37.876] [INFO ] [SpringApplicationShutdownHook] com.zaxxer.hikari.HikariDataSource HikariPool-42 - Shutdown initiated...
[2022-11-18 09:35:37.880] [INFO ] [SpringApplicationShutdownHook] com.zaxxer.hikari.HikariDataSource HikariPool-42 - Shutdown completed.
[2022-11-18 09:35:39.672] [INFO ] [restartedMain] com.kh.RestApi.RestApiApplication Starting RestApiApplication using Java 11.0.16.1 on DESKTOP-O08JD9T with PID 19024 (D:\Backend\RestApi_1114\RestApi\target\classes started by user1 in D:\Backend\RestApi_1114)
[2022-11-18 09:35:39.673] [INFO ] [restartedMain] com.kh.RestApi.RestApiApplication No active profile set, falling back to 1 default profile: "default"
[2022-11-18 09:35:39.699] [INFO ] [restartedMain] org.springframework.boot.devtools.restart.ChangeableUrls The Class-Path manifest attribute in C:\Users\user1\.m2\repository\com\oracle\database\jdbc\ojdbc8\21.5.0.0\ojdbc8-21.5.0.0.jar referenced one or more files that do not exist: file:/C:/Users/user1/.m2/repository/com/oracle/database/jdbc/ojdbc8/21.5.0.0/oraclepki.jar
[2022-11-18 09:35:39.700] [INFO ] [restartedMain] org.springframework.boot.devtools.env.DevToolsPropertyDefaultsPostProcessor Devtools property defaults active! Set 'spring.devtools.add-properties' to 'false' to disable
[2022-11-18 09:35:39.700] [INFO ] [restartedMain] org.springframework.boot.devtools.env.DevToolsPropertyDefaultsPostProcessor For additional web related logging consider setting the 'logging.level.web' property to 'DEBUG'
[2022-11-18 09:35:40.125] [INFO ] [restartedMain] org.springframework.data.repository.config.RepositoryConfigurationDelegate Bootstrapping Spring Data JPA repositories in DEFAULT mode.
[2022-11-18 09:35:40.152] [INFO ] [restartedMain] org.springframework.data.repository.config.RepositoryConfigurationDelegate Finished Spring Data repository scanning in 22 ms. Found 2 JPA repository interfaces.
[2022-11-18 09:35:40.524] [INFO ] [restartedMain] org.springframework.boot.web.embedded.tomcat.TomcatWebServer Tomcat initialized with port(s): 8111 (http)
[2022-11-18 09:35:40.530] [INFO ] [restartedMain] org.apache.coyote.http11.Http11NioProtocol Initializing ProtocolHandler ["http-nio-8111"]
[2022-11-18 09:35:40.530] [INFO ] [restartedMain] org.apache.catalina.core.StandardService Starting service [Tomcat]
[2022-11-18 09:35:40.530] [INFO ] [restartedMain] org.apache.catalina.core.StandardEngine Starting Servlet engine: [Apache Tomcat/9.0.68]
[2022-11-18 09:35:40.576] [INFO ] [restartedMain] org.apache.catalina.core.ContainerBase.[Tomcat].[localhost].[/] Initializing Spring embedded WebApplicationContext
[2022-11-18 09:35:40.576] [INFO ] [restartedMain] org.springframework.boot.web.servlet.context.ServletWebServerApplicationContext Root WebApplicationContext: initialization completed in 876 ms
[2022-11-18 09:35:40.684] [INFO ] [restartedMain] org.hibernate.jpa.internal.util.LogHelper HHH000204: Processing PersistenceUnitInfo [name: default]
[2022-11-18 09:35:40.705] [INFO ] [restartedMain] org.hibernate.Version HHH000412: Hibernate ORM core version 5.6.12.Final
[2022-11-18 09:35:40.783] [INFO ] [restartedMain] org.hibernate.annotations.common.Version HCANN000001: Hibernate Commons Annotations {5.1.2.Final}
[2022-11-18 09:35:40.848] [INFO ] [restartedMain] com.zaxxer.hikari.HikariDataSource HikariPool-1 - Starting...
[2022-11-18 09:35:40.852] [WARN ] [restartedMain] com.zaxxer.hikari.util.DriverDataSource Registered driver with driverClassName=oracle.jdbc.driver.OracleDriver was not found, trying direct instantiation.
[2022-11-18 09:35:41.036] [INFO ] [restartedMain] com.zaxxer.hikari.HikariDataSource HikariPool-1 - Start completed.
[2022-11-18 09:35:41.046] [INFO ] [restartedMain] org.hibernate.dialect.Dialect HHH000400: Using dialect: org.hibernate.dialect.Oracle10gDialect
[2022-11-18 09:35:41.570] [INFO ] [restartedMain] org.hibernate.engine.transaction.jta.platform.internal.JtaPlatformInitiator HHH000490: Using JtaPlatform implementation: [org.hibernate.engine.transaction.jta.platform.internal.NoJtaPlatform]
[2022-11-18 09:35:41.575] [INFO ] [restartedMain] org.springframework.orm.jpa.LocalContainerEntityManagerFactoryBean Initialized JPA EntityManagerFactory for persistence unit 'default'
[2022-11-18 09:35:41.962] [WARN ] [restartedMain] org.springframework.boot.autoconfigure.orm.jpa.JpaBaseConfiguration$JpaWebConfiguration spring.jpa.open-in-view is enabled by default. Therefore, database queries may be performed during view rendering. Explicitly configure spring.jpa.open-in-view to disable this warning
[2022-11-18 09:35:42.108] [WARN ] [restartedMain] org.springframework.boot.autoconfigure.thymeleaf.ThymeleafAutoConfiguration$DefaultTemplateResolverConfiguration Cannot find template location: classpath:/templates/ (please add some templates, check your Thymeleaf configuration, or set spring.thymeleaf.check-template-location=false)
[2022-11-18 09:35:42.183] [INFO ] [restartedMain] org.springframework.boot.devtools.autoconfigure.OptionalLiveReloadServer LiveReload server is running on port 35729
[2022-11-18 09:35:42.196] [INFO ] [restartedMain] org.apache.coyote.http11.Http11NioProtocol Starting ProtocolHandler ["http-nio-8111"]
[2022-11-18 09:35:42.212] [INFO ] [restartedMain] org.springframework.boot.web.embedded.tomcat.TomcatWebServer Tomcat started on port(s): 8111 (http) with context path ''
[2022-11-18 09:35:42.222] [INFO ] [restartedMain] com.kh.RestApi.RestApiApplication Started RestApiApplication in 2.839 seconds (JVM running for 3.421)
[2022-11-18 09:55:47.991] [INFO ] [File Watcher] org.springframework.boot.devtools.autoconfigure.LocalDevToolsAutoConfiguration$RestartingClassPathChangeChangedEventListener Restarting due to 2 class path changes (0 additions, 2 deletions, 0 modifications)
[2022-11-18 09:55:48.011] [INFO ] [Thread-7] org.apache.coyote.http11.Http11NioProtocol Pausing ProtocolHandler ["http-nio-8111"]
[2022-11-18 09:55:48.012] [INFO ] [Thread-7] org.apache.catalina.core.StandardService Stopping service [Tomcat]
[2022-11-18 09:55:48.019] [INFO ] [Thread-7] org.apache.coyote.http11.Http11NioProtocol Stopping ProtocolHandler ["http-nio-8111"]
[2022-11-18 09:55:48.023] [INFO ] [Thread-7] org.apache.coyote.http11.Http11NioProtocol Destroying ProtocolHandler ["http-nio-8111"]
[2022-11-18 09:55:48.026] [INFO ] [Thread-7] org.springframework.orm.jpa.LocalContainerEntityManagerFactoryBean Closing JPA EntityManagerFactory for persistence unit 'default'
[2022-11-18 09:55:48.033] [INFO ] [Thread-7] com.zaxxer.hikari.HikariDataSource HikariPool-1 - Shutdown initiated...
[2022-11-18 09:55:48.043] [INFO ] [Thread-7] com.zaxxer.hikari.HikariDataSource HikariPool-1 - Shutdown completed.
[2022-11-18 09:55:48.138] [INFO ] [restartedMain] com.kh.RestApi.RestApiApplication Starting RestApiApplication using Java 11.0.16.1 on DESKTOP-O08JD9T with PID 19024 (D:\Backend\RestApi_1114\RestApi\target\classes started by user1 in D:\Backend\RestApi_1114)
[2022-11-18 09:55:48.138] [INFO ] [restartedMain] com.kh.RestApi.RestApiApplication No active profile set, falling back to 1 default profile: "default"
[2022-11-18 09:55:48.310] [INFO ] [restartedMain] org.springframework.data.repository.config.RepositoryConfigurationDelegate Bootstrapping Spring Data JPA repositories in DEFAULT mode.
[2022-11-18 09:55:48.323] [INFO ] [restartedMain] org.springframework.data.repository.config.RepositoryConfigurationDelegate Finished Spring Data repository scanning in 12 ms. Found 1 JPA repository interfaces.
[2022-11-18 09:55:48.403] [INFO ] [restartedMain] org.springframework.boot.web.embedded.tomcat.TomcatWebServer Tomcat initialized with port(s): 8111 (http)
[2022-11-18 09:55:48.403] [INFO ] [restartedMain] org.apache.coyote.http11.Http11NioProtocol Initializing ProtocolHandler ["http-nio-8111"]
[2022-11-18 09:55:48.404] [INFO ] [restartedMain] org.apache.catalina.core.StandardService Starting service [Tomcat]
[2022-11-18 09:55:48.404] [INFO ] [restartedMain] org.apache.catalina.core.StandardEngine Starting Servlet engine: [Apache Tomcat/9.0.68]
[2022-11-18 09:55:48.417] [INFO ] [restartedMain] org.apache.catalina.core.ContainerBase.[Tomcat].[localhost].[/] Initializing Spring embedded WebApplicationContext
[2022-11-18 09:55:48.417] [INFO ] [restartedMain] org.springframework.boot.web.servlet.context.ServletWebServerApplicationContext Root WebApplicationContext: initialization completed in 278 ms
[2022-11-18 09:55:48.438] [INFO ] [restartedMain] org.hibernate.jpa.internal.util.LogHelper HHH000204: Processing PersistenceUnitInfo [name: default]
[2022-11-18 09:55:48.442] [INFO ] [restartedMain] com.zaxxer.hikari.HikariDataSource HikariPool-2 - Starting...
[2022-11-18 09:55:48.442] [WARN ] [restartedMain] com.zaxxer.hikari.util.DriverDataSource Registered driver with driverClassName=oracle.jdbc.driver.OracleDriver was not found, trying direct instantiation.
[2022-11-18 09:55:48.452] [INFO ] [restartedMain] com.zaxxer.hikari.HikariDataSource HikariPool-2 - Start completed.
[2022-11-18 09:55:48.453] [INFO ] [restartedMain] org.hibernate.dialect.Dialect HHH000400: Using dialect: org.hibernate.dialect.Oracle10gDialect
[2022-11-18 09:55:48.554] [INFO ] [restartedMain] org.hibernate.engine.transaction.jta.platform.internal.JtaPlatformInitiator HHH000490: Using JtaPlatform implementation: [org.hibernate.engine.transaction.jta.platform.internal.NoJtaPlatform]
[2022-11-18 09:55:48.554] [INFO ] [restartedMain] org.springframework.orm.jpa.LocalContainerEntityManagerFactoryBean Initialized JPA EntityManagerFactory for persistence unit 'default'
[2022-11-18 09:55:48.620] [WARN ] [restartedMain] org.springframework.boot.autoconfigure.orm.jpa.JpaBaseConfiguration$JpaWebConfiguration spring.jpa.open-in-view is enabled by default. Therefore, database queries may be performed during view rendering. Explicitly configure spring.jpa.open-in-view to disable this warning
[2022-11-18 09:55:48.685] [WARN ] [restartedMain] org.springframework.boot.autoconfigure.thymeleaf.ThymeleafAutoConfiguration$DefaultTemplateResolverConfiguration Cannot find template location: classpath:/templates/ (please add some templates, check your Thymeleaf configuration, or set spring.thymeleaf.check-template-location=false)
[2022-11-18 09:55:48.712] [INFO ] [restartedMain] org.springframework.boot.devtools.autoconfigure.OptionalLiveReloadServer LiveReload server is running on port 35729
[2022-11-18 09:55:48.717] [INFO ] [restartedMain] org.apache.coyote.http11.Http11NioProtocol Starting ProtocolHandler ["http-nio-8111"]
[2022-11-18 09:55:48.719] [INFO ] [restartedMain] org.springframework.boot.web.embedded.tomcat.TomcatWebServer Tomcat started on port(s): 8111 (http) with context path ''
[2022-11-18 09:55:48.722] [INFO ] [restartedMain] com.kh.RestApi.RestApiApplication Started RestApiApplication in 0.614 seconds (JVM running for 1209.921)
[2022-11-18 09:55:48.723] [INFO ] [restartedMain] org.springframework.boot.devtools.autoconfigure.ConditionEvaluationDeltaLoggingListener Condition evaluation unchanged
[2022-11-18 09:55:50.141] [INFO ] [File Watcher] org.springframework.boot.devtools.autoconfigure.LocalDevToolsAutoConfiguration$RestartingClassPathChangeChangedEventListener Restarting due to 1 class path change (1 addition, 0 deletions, 0 modifications)
[2022-11-18 09:55:50.151] [INFO ] [Thread-9] org.apache.coyote.http11.Http11NioProtocol Pausing ProtocolHandler ["http-nio-8111"]
[2022-11-18 09:55:50.151] [INFO ] [Thread-9] org.apache.catalina.core.StandardService Stopping service [Tomcat]
[2022-11-18 09:55:50.153] [INFO ] [Thread-9] org.apache.coyote.http11.Http11NioProtocol Stopping ProtocolHandler ["http-nio-8111"]
[2022-11-18 09:55:50.154] [INFO ] [Thread-9] org.apache.coyote.http11.Http11NioProtocol Destroying ProtocolHandler ["http-nio-8111"]
[2022-11-18 09:55:50.155] [INFO ] [Thread-9] org.springframework.orm.jpa.LocalContainerEntityManagerFactoryBean Closing JPA EntityManagerFactory for persistence unit 'default'
[2022-11-18 09:55:50.155] [INFO ] [Thread-9] com.zaxxer.hikari.HikariDataSource HikariPool-2 - Shutdown initiated...
[2022-11-18 09:55:50.160] [INFO ] [Thread-9] com.zaxxer.hikari.HikariDataSource HikariPool-2 - Shutdown completed.
[2022-11-18 09:55:50.218] [INFO ] [restartedMain] com.kh.RestApi.RestApiApplication Starting RestApiApplication using Java 11.0.16.1 on DESKTOP-O08JD9T with PID 19024 (D:\Backend\RestApi_1114\RestApi\target\classes started by user1 in D:\Backend\RestApi_1114)
[2022-11-18 09:55:50.219] [INFO ] [restartedMain] com.kh.RestApi.RestApiApplication No active profile set, falling back to 1 default profile: "default"
[2022-11-18 09:55:50.334] [INFO ] [restartedMain] org.springframework.data.repository.config.RepositoryConfigurationDelegate Bootstrapping Spring Data JPA repositories in DEFAULT mode.
[2022-11-18 09:55:50.338] [INFO ] [restartedMain] org.springframework.data.repository.config.RepositoryConfigurationDelegate Finished Spring Data repository scanning in 3 ms. Found 1 JPA repository interfaces.
[2022-11-18 09:55:50.388] [INFO ] [restartedMain] org.springframework.boot.web.embedded.tomcat.TomcatWebServer Tomcat initialized with port(s): 8111 (http)
[2022-11-18 09:55:50.388] [INFO ] [restartedMain] org.apache.coyote.http11.Http11NioProtocol Initializing ProtocolHandler ["http-nio-8111"]
[2022-11-18 09:55:50.388] [INFO ] [restartedMain] org.apache.catalina.core.StandardService Starting service [Tomcat]
[2022-11-18 09:55:50.388] [INFO ] [restartedMain] org.apache.catalina.core.StandardEngine Starting Servlet engine: [Apache Tomcat/9.0.68]
[2022-11-18 09:55:50.401] [INFO ] [restartedMain] org.apache.catalina.core.ContainerBase.[Tomcat].[localhost].[/] Initializing Spring embedded WebApplicationContext
[2022-11-18 09:55:50.401] [INFO ] [restartedMain] org.springframework.boot.web.servlet.context.ServletWebServerApplicationContext Root WebApplicationContext: initialization completed in 181 ms
[2022-11-18 09:55:50.428] [INFO ] [restartedMain] org.hibernate.jpa.internal.util.LogHelper HHH000204: Processing PersistenceUnitInfo [name: default]
[2022-11-18 09:55:50.433] [INFO ] [restartedMain] com.zaxxer.hikari.HikariDataSource HikariPool-3 - Starting...
[2022-11-18 09:55:50.434] [WARN ] [restartedMain] com.zaxxer.hikari.util.DriverDataSource Registered driver with driverClassName=oracle.jdbc.driver.OracleDriver was not found, trying direct instantiation.
[2022-11-18 09:55:50.449] [INFO ] [restartedMain] com.zaxxer.hikari.HikariDataSource HikariPool-3 - Start completed.
[2022-11-18 09:55:50.449] [INFO ] [restartedMain] org.hibernate.dialect.Dialect HHH000400: Using dialect: org.hibernate.dialect.Oracle10gDialect
[2022-11-18 09:55:50.524] [INFO ] [restartedMain] org.hibernate.engine.transaction.jta.platform.internal.JtaPlatformInitiator HHH000490: Using JtaPlatform implementation: [org.hibernate.engine.transaction.jta.platform.internal.NoJtaPlatform]
[2022-11-18 09:55:50.524] [INFO ] [restartedMain] org.springframework.orm.jpa.LocalContainerEntityManagerFactoryBean Initialized JPA EntityManagerFactory for persistence unit 'default'
[2022-11-18 09:55:50.572] [WARN ] [restartedMain] org.springframework.boot.autoconfigure.orm.jpa.JpaBaseConfiguration$JpaWebConfiguration spring.jpa.open-in-view is enabled by default. Therefore, database queries may be performed during view rendering. Explicitly configure spring.jpa.open-in-view to disable this warning
[2022-11-18 09:55:50.617] [WARN ] [restartedMain] org.springframework.boot.autoconfigure.thymeleaf.ThymeleafAutoConfiguration$DefaultTemplateResolverConfiguration Cannot find template location: classpath:/templates/ (please add some templates, check your Thymeleaf configuration, or set spring.thymeleaf.check-template-location=false)
[2022-11-18 09:55:50.642] [INFO ] [restartedMain] org.springframework.boot.devtools.autoconfigure.OptionalLiveReloadServer LiveReload server is running on port 35729
[2022-11-18 09:55:50.650] [INFO ] [restartedMain] org.apache.coyote.http11.Http11NioProtocol Starting ProtocolHandler ["http-nio-8111"]
[2022-11-18 09:55:50.652] [INFO ] [restartedMain] org.springframework.boot.web.embedded.tomcat.TomcatWebServer Tomcat started on port(s): 8111 (http) with context path ''
[2022-11-18 09:55:50.657] [INFO ] [restartedMain] com.kh.RestApi.RestApiApplication Started RestApiApplication in 0.462 seconds (JVM running for 1211.857)
[2022-11-18 09:55:50.658] [INFO ] [restartedMain] org.springframework.boot.devtools.autoconfigure.ConditionEvaluationDeltaLoggingListener Condition evaluation unchanged
[2022-11-18 10:11:41.834] [INFO ] [File Watcher] org.springframework.boot.devtools.autoconfigure.LocalDevToolsAutoConfiguration$RestartingClassPathChangeChangedEventListener Restarting due to 1 class path change (1 addition, 0 deletions, 0 modifications)
[2022-11-18 10:11:41.846] [INFO ] [Thread-14] org.apache.coyote.http11.Http11NioProtocol Pausing ProtocolHandler ["http-nio-8111"]
[2022-11-18 10:11:41.846] [INFO ] [Thread-14] org.apache.catalina.core.StandardService Stopping service [Tomcat]
[2022-11-18 10:11:41.851] [INFO ] [Thread-14] org.apache.coyote.http11.Http11NioProtocol Stopping ProtocolHandler ["http-nio-8111"]
[2022-11-18 10:11:41.853] [INFO ] [Thread-14] org.apache.coyote.http11.Http11NioProtocol Destroying ProtocolHandler ["http-nio-8111"]
[2022-11-18 10:11:41.855] [INFO ] [Thread-14] org.springframework.orm.jpa.LocalContainerEntityManagerFactoryBean Closing JPA EntityManagerFactory for persistence unit 'default'
[2022-11-18 10:11:41.856] [INFO ] [Thread-14] com.zaxxer.hikari.HikariDataSource HikariPool-3 - Shutdown initiated...
[2022-11-18 10:11:41.860] [INFO ] [Thread-14] com.zaxxer.hikari.HikariDataSource HikariPool-3 - Shutdown completed.
[2022-11-18 10:11:41.917] [INFO ] [restartedMain] com.kh.RestApi.RestApiApplication Starting RestApiApplication using Java 11.0.16.1 on DESKTOP-O08JD9T with PID 19024 (D:\Backend\RestApi_1114\RestApi\target\classes started by user1 in D:\Backend\RestApi_1114)
[2022-11-18 10:11:41.917] [INFO ] [restartedMain] com.kh.RestApi.RestApiApplication No active profile set, falling back to 1 default profile: "default"
[2022-11-18 10:11:42.022] [INFO ] [restartedMain] org.springframework.data.repository.config.RepositoryConfigurationDelegate Bootstrapping Spring Data JPA repositories in DEFAULT mode.
[2022-11-18 10:11:42.029] [INFO ] [restartedMain] org.springframework.data.repository.config.RepositoryConfigurationDelegate Finished Spring Data repository scanning in 6 ms. Found 2 JPA repository interfaces.
[2022-11-18 10:11:42.079] [INFO ] [restartedMain] org.springframework.boot.web.embedded.tomcat.TomcatWebServer Tomcat initialized with port(s): 8111 (http)
[2022-11-18 10:11:42.080] [INFO ] [restartedMain] org.apache.coyote.http11.Http11NioProtocol Initializing ProtocolHandler ["http-nio-8111"]
[2022-11-18 10:11:42.080] [INFO ] [restartedMain] org.apache.catalina.core.StandardService Starting service [Tomcat]
[2022-11-18 10:11:42.080] [INFO ] [restartedMain] org.apache.catalina.core.StandardEngine Starting Servlet engine: [Apache Tomcat/9.0.68]
[2022-11-18 10:11:42.091] [INFO ] [restartedMain] org.apache.catalina.core.ContainerBase.[Tomcat].[localhost].[/] Initializing Spring embedded WebApplicationContext
[2022-11-18 10:11:42.091] [INFO ] [restartedMain] org.springframework.boot.web.servlet.context.ServletWebServerApplicationContext Root WebApplicationContext: initialization completed in 173 ms
[2022-11-18 10:11:42.113] [INFO ] [restartedMain] org.hibernate.jpa.internal.util.LogHelper HHH000204: Processing PersistenceUnitInfo [name: default]
[2022-11-18 10:11:42.116] [INFO ] [restartedMain] com.zaxxer.hikari.HikariDataSource HikariPool-4 - Starting...
[2022-11-18 10:11:42.116] [WARN ] [restartedMain] com.zaxxer.hikari.util.DriverDataSource Registered driver with driverClassName=oracle.jdbc.driver.OracleDriver was not found, trying direct instantiation.
[2022-11-18 10:11:42.126] [INFO ] [restartedMain] com.zaxxer.hikari.HikariDataSource HikariPool-4 - Start completed.
[2022-11-18 10:11:42.126] [INFO ] [restartedMain] org.hibernate.dialect.Dialect HHH000400: Using dialect: org.hibernate.dialect.Oracle10gDialect
[2022-11-18 10:11:42.216] [INFO ] [restartedMain] org.hibernate.engine.transaction.jta.platform.internal.JtaPlatformInitiator HHH000490: Using JtaPlatform implementation: [org.hibernate.engine.transaction.jta.platform.internal.NoJtaPlatform]
[2022-11-18 10:11:42.216] [INFO ] [restartedMain] org.springframework.orm.jpa.LocalContainerEntityManagerFactoryBean Initialized JPA EntityManagerFactory for persistence unit 'default'
[2022-11-18 10:11:42.264] [WARN ] [restartedMain] org.springframework.boot.autoconfigure.orm.jpa.JpaBaseConfiguration$JpaWebConfiguration spring.jpa.open-in-view is enabled by default. Therefore, database queries may be performed during view rendering. Explicitly configure spring.jpa.open-in-view to disable this warning
[2022-11-18 10:11:42.308] [WARN ] [restartedMain] org.springframework.boot.autoconfigure.thymeleaf.ThymeleafAutoConfiguration$DefaultTemplateResolverConfiguration Cannot find template location: classpath:/templates/ (please add some templates, check your Thymeleaf configuration, or set spring.thymeleaf.check-template-location=false)
[2022-11-18 10:11:42.338] [INFO ] [restartedMain] org.springframework.boot.devtools.autoconfigure.OptionalLiveReloadServer LiveReload server is running on port 35729
[2022-11-18 10:11:42.344] [INFO ] [restartedMain] org.apache.coyote.http11.Http11NioProtocol Starting ProtocolHandler ["http-nio-8111"]
[2022-11-18 10:11:42.346] [INFO ] [restartedMain] org.springframework.boot.web.embedded.tomcat.TomcatWebServer Tomcat started on port(s): 8111 (http) with context path ''
[2022-11-18 10:11:42.348] [INFO ] [restartedMain] com.kh.RestApi.RestApiApplication Started RestApiApplication in 0.45 seconds (JVM running for 2163.548)
[2022-11-18 10:11:42.349] [INFO ] [restartedMain] org.springframework.boot.devtools.autoconfigure.ConditionEvaluationDeltaLoggingListener Condition evaluation unchanged
[2022-11-18 10:44:14.807] [INFO ] [File Watcher] org.springframework.boot.devtools.autoconfigure.LocalDevToolsAutoConfiguration$RestartingClassPathChangeChangedEventListener Restarting due to 1 class path change (1 addition, 0 deletions, 0 modifications)
[2022-11-18 10:44:14.827] [INFO ] [Thread-19] org.apache.coyote.http11.Http11NioProtocol Pausing ProtocolHandler ["http-nio-8111"]
[2022-11-18 10:44:14.827] [INFO ] [Thread-19] org.apache.catalina.core.StandardService Stopping service [Tomcat]
[2022-11-18 10:44:14.834] [INFO ] [Thread-19] org.apache.coyote.http11.Http11NioProtocol Stopping ProtocolHandler ["http-nio-8111"]
[2022-11-18 10:44:14.839] [INFO ] [Thread-19] org.apache.coyote.http11.Http11NioProtocol Destroying ProtocolHandler ["http-nio-8111"]
[2022-11-18 10:44:14.841] [INFO ] [Thread-19] org.springframework.orm.jpa.LocalContainerEntityManagerFactoryBean Closing JPA EntityManagerFactory for persistence unit 'default'
[2022-11-18 10:44:14.842] [INFO ] [Thread-19] com.zaxxer.hikari.HikariDataSource HikariPool-4 - Shutdown initiated...
[2022-11-18 10:44:14.849] [INFO ] [Thread-19] com.zaxxer.hikari.HikariDataSource HikariPool-4 - Shutdown completed.
[2022-11-18 10:44:14.922] [INFO ] [restartedMain] com.kh.RestApi.RestApiApplication Starting RestApiApplication using Java 11.0.16.1 on DESKTOP-O08JD9T with PID 19024 (D:\Backend\RestApi_1114\RestApi\target\classes started by user1 in D:\Backend\RestApi_1114)
[2022-11-18 10:44:14.922] [INFO ] [restartedMain] com.kh.RestApi.RestApiApplication No active profile set, falling back to 1 default profile: "default"
[2022-11-18 10:44:15.066] [INFO ] [restartedMain] org.springframework.data.repository.config.RepositoryConfigurationDelegate Bootstrapping Spring Data JPA repositories in DEFAULT mode.
[2022-11-18 10:44:15.077] [INFO ] [restartedMain] org.springframework.data.repository.config.RepositoryConfigurationDelegate Finished Spring Data repository scanning in 10 ms. Found 2 JPA repository interfaces.
[2022-11-18 10:44:15.148] [INFO ] [restartedMain] org.springframework.boot.web.embedded.tomcat.TomcatWebServer Tomcat initialized with port(s): 8111 (http)
[2022-11-18 10:44:15.149] [INFO ] [restartedMain] org.apache.coyote.http11.Http11NioProtocol Initializing ProtocolHandler ["http-nio-8111"]
[2022-11-18 10:44:15.149] [INFO ] [restartedMain] org.apache.catalina.core.StandardService Starting service [Tomcat]
[2022-11-18 10:44:15.149] [INFO ] [restartedMain] org.apache.catalina.core.StandardEngine Starting Servlet engine: [Apache Tomcat/9.0.68]
[2022-11-18 10:44:15.162] [INFO ] [restartedMain] org.apache.catalina.core.ContainerBase.[Tomcat].[localhost].[/] Initializing Spring embedded WebApplicationContext
[2022-11-18 10:44:15.162] [INFO ] [restartedMain] org.springframework.boot.web.servlet.context.ServletWebServerApplicationContext Root WebApplicationContext: initialization completed in 239 ms
[2022-11-18 10:44:15.190] [INFO ] [restartedMain] org.hibernate.jpa.internal.util.LogHelper HHH000204: Processing PersistenceUnitInfo [name: default]
[2022-11-18 10:44:15.193] [INFO ] [restartedMain] com.zaxxer.hikari.HikariDataSource HikariPool-5 - Starting...
[2022-11-18 10:44:15.193] [WARN ] [restartedMain] com.zaxxer.hikari.util.DriverDataSource Registered driver with driverClassName=oracle.jdbc.driver.OracleDriver was not found, trying direct instantiation.
[2022-11-18 10:44:15.206] [INFO ] [restartedMain] com.zaxxer.hikari.HikariDataSource HikariPool-5 - Start completed.
[2022-11-18 10:44:15.206] [INFO ] [restartedMain] org.hibernate.dialect.Dialect HHH000400: Using dialect: org.hibernate.dialect.Oracle10gDialect
[2022-11-18 10:44:15.293] [INFO ] [restartedMain] org.hibernate.engine.transaction.jta.platform.internal.JtaPlatformInitiator HHH000490: Using JtaPlatform implementation: [org.hibernate.engine.transaction.jta.platform.internal.NoJtaPlatform]
[2022-11-18 10:44:15.293] [INFO ] [restartedMain] org.springframework.orm.jpa.LocalContainerEntityManagerFactoryBean Initialized JPA EntityManagerFactory for persistence unit 'default'
[2022-11-18 10:44:15.363] [WARN ] [restartedMain] org.springframework.boot.autoconfigure.orm.jpa.JpaBaseConfiguration$JpaWebConfiguration spring.jpa.open-in-view is enabled by default. Therefore, database queries may be performed during view rendering. Explicitly configure spring.jpa.open-in-view to disable this warning
[2022-11-18 10:44:15.453] [WARN ] [restartedMain] org.springframework.boot.autoconfigure.thymeleaf.ThymeleafAutoConfiguration$DefaultTemplateResolverConfiguration Cannot find template location: classpath:/templates/ (please add some templates, check your Thymeleaf configuration, or set spring.thymeleaf.check-template-location=false)
[2022-11-18 10:44:15.497] [INFO ] [restartedMain] org.springframework.boot.devtools.autoconfigure.OptionalLiveReloadServer LiveReload server is running on port 35729
[2022-11-18 10:44:15.510] [INFO ] [restartedMain] org.apache.coyote.http11.Http11NioProtocol Starting ProtocolHandler ["http-nio-8111"]
[2022-11-18 10:44:15.512] [INFO ] [restartedMain] org.springframework.boot.web.embedded.tomcat.TomcatWebServer Tomcat started on port(s): 8111 (http) with context path ''
[2022-11-18 10:44:15.515] [INFO ] [restartedMain] com.kh.RestApi.RestApiApplication Started RestApiApplication in 0.623 seconds (JVM running for 4116.715)
[2022-11-18 10:44:15.517] [INFO ] [restartedMain] org.springframework.boot.devtools.autoconfigure.ConditionEvaluationDeltaLoggingListener Condition evaluation unchanged
[2022-11-18 11:12:39.407] [INFO ] [File Watcher] org.springframework.boot.devtools.autoconfigure.LocalDevToolsAutoConfiguration$RestartingClassPathChangeChangedEventListener Restarting due to 1 class path change (1 addition, 0 deletions, 0 modifications)
[2022-11-18 11:12:39.417] [INFO ] [Thread-24] org.apache.coyote.http11.Http11NioProtocol Pausing ProtocolHandler ["http-nio-8111"]
[2022-11-18 11:12:39.418] [INFO ] [Thread-24] org.apache.catalina.core.StandardService Stopping service [Tomcat]
[2022-11-18 11:12:39.422] [INFO ] [Thread-24] org.apache.coyote.http11.Http11NioProtocol Stopping ProtocolHandler ["http-nio-8111"]
[2022-11-18 11:12:39.424] [INFO ] [Thread-24] org.apache.coyote.http11.Http11NioProtocol Destroying ProtocolHandler ["http-nio-8111"]
[2022-11-18 11:12:39.425] [INFO ] [Thread-24] org.springframework.orm.jpa.LocalContainerEntityManagerFactoryBean Closing JPA EntityManagerFactory for persistence unit 'default'
[2022-11-18 11:12:39.426] [INFO ] [Thread-24] com.zaxxer.hikari.HikariDataSource HikariPool-5 - Shutdown initiated...
[2022-11-18 11:12:39.431] [INFO ] [Thread-24] com.zaxxer.hikari.HikariDataSource HikariPool-5 - Shutdown completed.
[2022-11-18 11:12:39.481] [INFO ] [restartedMain] com.kh.RestApi.RestApiApplication Starting RestApiApplication using Java 11.0.16.1 on DESKTOP-O08JD9T with PID 19024 (D:\Backend\RestApi_1114\RestApi\target\classes started by user1 in D:\Backend\RestApi_1114)
[2022-11-18 11:12:39.481] [INFO ] [restartedMain] com.kh.RestApi.RestApiApplication No active profile set, falling back to 1 default profile: "default"
[2022-11-18 11:12:39.596] [INFO ] [restartedMain] org.springframework.data.repository.config.RepositoryConfigurationDelegate Bootstrapping Spring Data JPA repositories in DEFAULT mode.
[2022-11-18 11:12:39.601] [INFO ] [restartedMain] org.springframework.data.repository.config.RepositoryConfigurationDelegate Finished Spring Data repository scanning in 5 ms. Found 2 JPA repository interfaces.
[2022-11-18 11:12:39.646] [INFO ] [restartedMain] org.springframework.boot.web.embedded.tomcat.TomcatWebServer Tomcat initialized with port(s): 8111 (http)
[2022-11-18 11:12:39.646] [INFO ] [restartedMain] org.apache.coyote.http11.Http11NioProtocol Initializing ProtocolHandler ["http-nio-8111"]
[2022-11-18 11:12:39.647] [INFO ] [restartedMain] org.apache.catalina.core.StandardService Starting service [Tomcat]
[2022-11-18 11:12:39.647] [INFO ] [restartedMain] org.apache.catalina.core.StandardEngine Starting Servlet engine: [Apache Tomcat/9.0.68]
[2022-11-18 11:12:39.657] [INFO ] [restartedMain] org.apache.catalina.core.ContainerBase.[Tomcat].[localhost].[/] Initializing Spring embedded WebApplicationContext
[2022-11-18 11:12:39.657] [INFO ] [restartedMain] org.springframework.boot.web.servlet.context.ServletWebServerApplicationContext Root WebApplicationContext: initialization completed in 174 ms
[2022-11-18 11:12:39.676] [INFO ] [restartedMain] org.hibernate.jpa.internal.util.LogHelper HHH000204: Processing PersistenceUnitInfo [name: default]
[2022-11-18 11:12:39.679] [INFO ] [restartedMain] com.zaxxer.hikari.HikariDataSource HikariPool-6 - Starting...
[2022-11-18 11:12:39.679] [WARN ] [restartedMain] com.zaxxer.hikari.util.DriverDataSource Registered driver with driverClassName=oracle.jdbc.driver.OracleDriver was not found, trying direct instantiation.
[2022-11-18 11:12:39.690] [INFO ] [restartedMain] com.zaxxer.hikari.HikariDataSource HikariPool-6 - Start completed.
[2022-11-18 11:12:39.690] [INFO ] [restartedMain] org.hibernate.dialect.Dialect HHH000400: Using dialect: org.hibernate.dialect.Oracle10gDialect
[2022-11-18 11:12:39.755] [INFO ] [restartedMain] org.hibernate.engine.transaction.jta.platform.internal.JtaPlatformInitiator HHH000490: Using JtaPlatform implementation: [org.hibernate.engine.transaction.jta.platform.internal.NoJtaPlatform]
[2022-11-18 11:12:39.755] [INFO ] [restartedMain] org.springframework.orm.jpa.LocalContainerEntityManagerFactoryBean Initialized JPA EntityManagerFactory for persistence unit 'default'
[2022-11-18 11:12:39.799] [WARN ] [restartedMain] org.springframework.boot.autoconfigure.orm.jpa.JpaBaseConfiguration$JpaWebConfiguration spring.jpa.open-in-view is enabled by default. Therefore, database queries may be performed during view rendering. Explicitly configure spring.jpa.open-in-view to disable this warning
[2022-11-18 11:12:39.840] [WARN ] [restartedMain] org.springframework.boot.autoconfigure.thymeleaf.ThymeleafAutoConfiguration$DefaultTemplateResolverConfiguration Cannot find template location: classpath:/templates/ (please add some templates, check your Thymeleaf configuration, or set spring.thymeleaf.check-template-location=false)
[2022-11-18 11:12:39.868] [INFO ] [restartedMain] org.springframework.boot.devtools.autoconfigure.OptionalLiveReloadServer LiveReload server is running on port 35729
[2022-11-18 11:12:39.874] [INFO ] [restartedMain] org.apache.coyote.http11.Http11NioProtocol Starting ProtocolHandler ["http-nio-8111"]
[2022-11-18 11:12:39.875] [INFO ] [restartedMain] org.springframework.boot.web.embedded.tomcat.TomcatWebServer Tomcat started on port(s): 8111 (http) with context path ''
[2022-11-18 11:12:39.879] [INFO ] [restartedMain] com.kh.RestApi.RestApiApplication Started RestApiApplication in 0.412 seconds (JVM running for 5821.078)
[2022-11-18 11:12:39.879] [INFO ] [restartedMain] org.springframework.boot.devtools.autoconfigure.ConditionEvaluationDeltaLoggingListener Condition evaluation unchanged
[2022-11-18 11:40:20.462] [INFO ] [File Watcher] org.springframework.boot.devtools.autoconfigure.LocalDevToolsAutoConfiguration$RestartingClassPathChangeChangedEventListener Restarting due to 2 class path changes (1 addition, 0 deletions, 1 modification)
[2022-11-18 11:40:20.474] [INFO ] [Thread-29] org.apache.coyote.http11.Http11NioProtocol Pausing ProtocolHandler ["http-nio-8111"]
[2022-11-18 11:40:20.474] [INFO ] [Thread-29] org.apache.catalina.core.StandardService Stopping service [Tomcat]
[2022-11-18 11:40:20.479] [INFO ] [Thread-29] org.apache.coyote.http11.Http11NioProtocol Stopping ProtocolHandler ["http-nio-8111"]
[2022-11-18 11:40:20.482] [INFO ] [Thread-29] org.apache.coyote.http11.Http11NioProtocol Destroying ProtocolHandler ["http-nio-8111"]
[2022-11-18 11:40:20.483] [INFO ] [Thread-29] org.springframework.orm.jpa.LocalContainerEntityManagerFactoryBean Closing JPA EntityManagerFactory for persistence unit 'default'
[2022-11-18 11:40:20.484] [INFO ] [Thread-29] com.zaxxer.hikari.HikariDataSource HikariPool-6 - Shutdown initiated...
[2022-11-18 11:40:20.489] [INFO ] [Thread-29] com.zaxxer.hikari.HikariDataSource HikariPool-6 - Shutdown completed.
[2022-11-18 11:40:20.552] [INFO ] [restartedMain] com.kh.RestApi.RestApiApplication Starting RestApiApplication using Java 11.0.16.1 on DESKTOP-O08JD9T with PID 19024 (D:\Backend\RestApi_1114\RestApi\target\classes started by user1 in D:\Backend\RestApi_1114)
[2022-11-18 11:40:20.552] [INFO ] [restartedMain] com.kh.RestApi.RestApiApplication No active profile set, falling back to 1 default profile: "default"
[2022-11-18 11:40:20.665] [INFO ] [restartedMain] org.springframework.data.repository.config.RepositoryConfigurationDelegate Bootstrapping Spring Data JPA repositories in DEFAULT mode.
[2022-11-18 11:40:20.671] [INFO ] [restartedMain] org.springframework.data.repository.config.RepositoryConfigurationDelegate Finished Spring Data repository scanning in 5 ms. Found 2 JPA repository interfaces.
[2022-11-18 11:40:20.716] [INFO ] [restartedMain] org.springframework.boot.web.embedded.tomcat.TomcatWebServer Tomcat initialized with port(s): 8111 (http)
[2022-11-18 11:40:20.716] [INFO ] [restartedMain] org.apache.coyote.http11.Http11NioProtocol Initializing ProtocolHandler ["http-nio-8111"]
[2022-11-18 11:40:20.717] [INFO ] [restartedMain] org.apache.catalina.core.StandardService Starting service [Tomcat]
[2022-11-18 11:40:20.717] [INFO ] [restartedMain] org.apache.catalina.core.StandardEngine Starting Servlet engine: [Apache Tomcat/9.0.68]
[2022-11-18 11:40:20.727] [INFO ] [restartedMain] org.apache.catalina.core.ContainerBase.[Tomcat].[localhost].[/] Initializing Spring embedded WebApplicationContext
[2022-11-18 11:40:20.727] [INFO ] [restartedMain] org.springframework.boot.web.servlet.context.ServletWebServerApplicationContext Root WebApplicationContext: initialization completed in 173 ms
[2022-11-18 11:40:20.745] [INFO ] [restartedMain] org.hibernate.jpa.internal.util.LogHelper HHH000204: Processing PersistenceUnitInfo [name: default]
[2022-11-18 11:40:20.747] [INFO ] [restartedMain] com.zaxxer.hikari.HikariDataSource HikariPool-7 - Starting...
[2022-11-18 11:40:20.748] [WARN ] [restartedMain] com.zaxxer.hikari.util.DriverDataSource Registered driver with driverClassName=oracle.jdbc.driver.OracleDriver was not found, trying direct instantiation.
[2022-11-18 11:40:20.758] [INFO ] [restartedMain] com.zaxxer.hikari.HikariDataSource HikariPool-7 - Start completed.
[2022-11-18 11:40:20.758] [INFO ] [restartedMain] org.hibernate.dialect.Dialect HHH000400: Using dialect: org.hibernate.dialect.Oracle10gDialect
[2022-11-18 11:40:20.814] [INFO ] [restartedMain] org.hibernate.engine.transaction.jta.platform.internal.JtaPlatformInitiator HHH000490: Using JtaPlatform implementation: [org.hibernate.engine.transaction.jta.platform.internal.NoJtaPlatform]
[2022-11-18 11:40:20.814] [INFO ] [restartedMain] org.springframework.orm.jpa.LocalContainerEntityManagerFactoryBean Initialized JPA EntityManagerFactory for persistence unit 'default'
[2022-11-18 11:40:20.864] [WARN ] [restartedMain] org.springframework.boot.autoconfigure.orm.jpa.JpaBaseConfiguration$JpaWebConfiguration spring.jpa.open-in-view is enabled by default. Therefore, database queries may be performed during view rendering. Explicitly configure spring.jpa.open-in-view to disable this warning
[2022-11-18 11:40:20.904] [WARN ] [restartedMain] org.springframework.boot.autoconfigure.thymeleaf.ThymeleafAutoConfiguration$DefaultTemplateResolverConfiguration Cannot find template location: classpath:/templates/ (please add some templates, check your Thymeleaf configuration, or set spring.thymeleaf.check-template-location=false)
[2022-11-18 11:40:20.920] [INFO ] [restartedMain] org.springframework.boot.devtools.autoconfigure.OptionalLiveReloadServer LiveReload server is running on port 35729
[2022-11-18 11:40:20.925] [INFO ] [restartedMain] org.apache.coyote.http11.Http11NioProtocol Starting ProtocolHandler ["http-nio-8111"]
[2022-11-18 11:40:20.926] [INFO ] [restartedMain] org.springframework.boot.web.embedded.tomcat.TomcatWebServer Tomcat started on port(s): 8111 (http) with context path ''
[2022-11-18 11:40:20.929] [INFO ] [restartedMain] com.kh.RestApi.RestApiApplication Started RestApiApplication in 0.396 seconds (JVM running for 7482.129)
[2022-11-18 11:40:20.930] [INFO ] [restartedMain] org.springframework.boot.devtools.autoconfigure.ConditionEvaluationDeltaLoggingListener Condition evaluation unchanged
[2022-11-18 11:49:46.912] [INFO ] [File Watcher] org.springframework.boot.devtools.autoconfigure.LocalDevToolsAutoConfiguration$RestartingClassPathChangeChangedEventListener Restarting due to 1 class path change (0 additions, 0 deletions, 1 modification)
[2022-11-18 11:49:46.924] [INFO ] [Thread-34] org.apache.coyote.http11.Http11NioProtocol Pausing ProtocolHandler ["http-nio-8111"]
[2022-11-18 11:49:46.924] [INFO ] [Thread-34] org.apache.catalina.core.StandardService Stopping service [Tomcat]
[2022-11-18 11:49:46.927] [INFO ] [Thread-34] org.apache.coyote.http11.Http11NioProtocol Stopping ProtocolHandler ["http-nio-8111"]
[2022-11-18 11:49:46.928] [INFO ] [Thread-34] org.apache.coyote.http11.Http11NioProtocol Destroying ProtocolHandler ["http-nio-8111"]
[2022-11-18 11:49:46.929] [INFO ] [Thread-34] org.springframework.orm.jpa.LocalContainerEntityManagerFactoryBean Closing JPA EntityManagerFactory for persistence unit 'default'
[2022-11-18 11:49:46.930] [INFO ] [Thread-34] com.zaxxer.hikari.HikariDataSource HikariPool-7 - Shutdown initiated...
[2022-11-18 11:49:46.939] [INFO ] [Thread-34] com.zaxxer.hikari.HikariDataSource HikariPool-7 - Shutdown completed.
[2022-11-18 11:49:46.995] [INFO ] [restartedMain] com.kh.RestApi.RestApiApplication Starting RestApiApplication using Java 11.0.16.1 on DESKTOP-O08JD9T with PID 19024 (D:\Backend\RestApi_1114\RestApi\target\classes started by user1 in D:\Backend\RestApi_1114)
[2022-11-18 11:49:46.995] [INFO ] [restartedMain] com.kh.RestApi.RestApiApplication No active profile set, falling back to 1 default profile: "default"
[2022-11-18 11:49:47.130] [INFO ] [restartedMain] org.springframework.data.repository.config.RepositoryConfigurationDelegate Bootstrapping Spring Data JPA repositories in DEFAULT mode.
[2022-11-18 11:49:47.135] [INFO ] [restartedMain] org.springframework.data.repository.config.RepositoryConfigurationDelegate Finished Spring Data repository scanning in 5 ms. Found 2 JPA repository interfaces.
[2022-11-18 11:49:47.193] [INFO ] [restartedMain] org.springframework.boot.web.embedded.tomcat.TomcatWebServer Tomcat initialized with port(s): 8111 (http)
[2022-11-18 11:49:47.193] [INFO ] [restartedMain] org.apache.coyote.http11.Http11NioProtocol Initializing ProtocolHandler ["http-nio-8111"]
[2022-11-18 11:49:47.193] [INFO ] [restartedMain] org.apache.catalina.core.StandardService Starting service [Tomcat]
[2022-11-18 11:49:47.193] [INFO ] [restartedMain] org.apache.catalina.core.StandardEngine Starting Servlet engine: [Apache Tomcat/9.0.68]
[2022-11-18 11:49:47.204] [INFO ] [restartedMain] org.apache.catalina.core.ContainerBase.[Tomcat].[localhost].[/] Initializing Spring embedded WebApplicationContext
[2022-11-18 11:49:47.204] [INFO ] [restartedMain] org.springframework.boot.web.servlet.context.ServletWebServerApplicationContext Root WebApplicationContext: initialization completed in 206 ms
[2022-11-18 11:49:47.224] [INFO ] [restartedMain] org.hibernate.jpa.internal.util.LogHelper HHH000204: Processing PersistenceUnitInfo [name: default]
[2022-11-18 11:49:47.227] [INFO ] [restartedMain] com.zaxxer.hikari.HikariDataSource HikariPool-8 - Starting...
[2022-11-18 11:49:47.227] [WARN ] [restartedMain] com.zaxxer.hikari.util.DriverDataSource Registered driver with driverClassName=oracle.jdbc.driver.OracleDriver was not found, trying direct instantiation.
[2022-11-18 11:49:47.238] [INFO ] [restartedMain] com.zaxxer.hikari.HikariDataSource HikariPool-8 - Start completed.
[2022-11-18 11:49:47.238] [INFO ] [restartedMain] org.hibernate.dialect.Dialect HHH000400: Using dialect: org.hibernate.dialect.Oracle10gDialect
[2022-11-18 11:49:47.321] [INFO ] [restartedMain] org.hibernate.engine.transaction.jta.platform.internal.JtaPlatformInitiator HHH000490: Using JtaPlatform implementation: [org.hibernate.engine.transaction.jta.platform.internal.NoJtaPlatform]
[2022-11-18 11:49:47.322] [INFO ] [restartedMain] org.springframework.orm.jpa.LocalContainerEntityManagerFactoryBean Initialized JPA EntityManagerFactory for persistence unit 'default'
[2022-11-18 11:49:47.415] [WARN ] [restartedMain] org.springframework.boot.autoconfigure.orm.jpa.JpaBaseConfiguration$JpaWebConfiguration spring.jpa.open-in-view is enabled by default. Therefore, database queries may be performed during view rendering. Explicitly configure spring.jpa.open-in-view to disable this warning
[2022-11-18 11:49:47.475] [WARN ] [restartedMain] org.springframework.boot.autoconfigure.thymeleaf.ThymeleafAutoConfiguration$DefaultTemplateResolverConfiguration Cannot find template location: classpath:/templates/ (please add some templates, check your Thymeleaf configuration, or set spring.thymeleaf.check-template-location=false)
[2022-11-18 11:49:47.493] [INFO ] [restartedMain] org.springframework.boot.devtools.autoconfigure.OptionalLiveReloadServer LiveReload server is running on port 35729
[2022-11-18 11:49:47.499] [INFO ] [restartedMain] org.apache.coyote.http11.Http11NioProtocol Starting ProtocolHandler ["http-nio-8111"]
[2022-11-18 11:49:47.501] [INFO ] [restartedMain] org.springframework.boot.web.embedded.tomcat.TomcatWebServer Tomcat started on port(s): 8111 (http) with context path ''
[2022-11-18 11:49:47.504] [INFO ] [restartedMain] com.kh.RestApi.RestApiApplication Started RestApiApplication in 0.531 seconds (JVM running for 8048.704)
[2022-11-18 11:49:47.505] [INFO ] [restartedMain] org.springframework.boot.devtools.autoconfigure.ConditionEvaluationDeltaLoggingListener Condition evaluation unchanged
[2022-11-18 12:05:29.861] [INFO ] [File Watcher] org.springframework.boot.devtools.autoconfigure.LocalDevToolsAutoConfiguration$RestartingClassPathChangeChangedEventListener Restarting due to 1 class path change (0 additions, 1 deletion, 0 modifications)
[2022-11-18 12:05:29.873] [INFO ] [Thread-39] org.apache.coyote.http11.Http11NioProtocol Pausing ProtocolHandler ["http-nio-8111"]
[2022-11-18 12:05:29.873] [INFO ] [Thread-39] org.apache.catalina.core.StandardService Stopping service [Tomcat]
[2022-11-18 12:05:29.878] [INFO ] [Thread-39] org.apache.coyote.http11.Http11NioProtocol Stopping ProtocolHandler ["http-nio-8111"]
[2022-11-18 12:05:29.880] [INFO ] [Thread-39] org.apache.coyote.http11.Http11NioProtocol Destroying ProtocolHandler ["http-nio-8111"]
[2022-11-18 12:05:29.881] [INFO ] [Thread-39] org.springframework.orm.jpa.LocalContainerEntityManagerFactoryBean Closing JPA EntityManagerFactory for persistence unit 'default'
[2022-11-18 12:05:29.882] [INFO ] [Thread-39] com.zaxxer.hikari.HikariDataSource HikariPool-8 - Shutdown initiated...
[2022-11-18 12:05:29.886] [INFO ] [Thread-39] com.zaxxer.hikari.HikariDataSource HikariPool-8 - Shutdown completed.
